[debug] [2020-09-26T08:59:50.415Z] ----------------------------------------------------------------------
[debug] [2020-09-26T08:59:50.417Z] Command:       C:\Program Files\nodejs\node.exe C:\Users\ROOT\AppData\Roaming\npm\node_modules\firebase-tools\lib\bin\firebase.js init
[debug] [2020-09-26T08:59:50.417Z] CLI Version:   8.11.2
[debug] [2020-09-26T08:59:50.417Z] Platform:      win32
[debug] [2020-09-26T08:59:50.417Z] Node Version:  v14.12.0
[debug] [2020-09-26T08:59:50.418Z] Time:          Sat Sep 26 2020 09:59:50 GMT+0100 (West Africa Standard Time)
[debug] [2020-09-26T08:59:50.418Z] ----------------------------------------------------------------------
[debug] [2020-09-26T08:59:50.418Z] 
[debug] [2020-09-26T08:59:50.424Z] > command requires scopes: ["email","openid","https://www.googleapis.com/auth/cloudplatformprojects.readonly","https://www.googleapis.com/auth/firebase","https://www.googleapis.com/auth/cloud-platform"]
[debug] [2020-09-26T08:59:50.425Z] > authorizing via signed-in user
[info] 
     ######## #### ########  ######## ########     ###     ######  ########
     ##        ##  ##     ## ##       ##     ##  ##   ##  ##       ##
     ######    ##  ########  ######   ########  #########  ######  ######
     ##        ##  ##    ##  ##       ##     ## ##     ##       ## ##
     ##       #### ##     ## ######## ########  ##     ##  ######  ########

You're about to initialize a Firebase project in this directory:

  C:\Users\rilwanb\Documents\webdesign\public

Before we get started, keep in mind:

  * You are currently outside your home directory

[info] 
=== Project Setup
[info] 
[info] First, let's associate this project directory with a Firebase project.
[info] You can create multiple project aliases by running firebase use --add, 
[info] but for now we'll just set up a default project.
[info] 
